[INFO ] 2024-05-06 18:24:18.059 [main] GenericDaoTest - BiteSize
[INFO ] 2024-05-06 18:24:18.060 [main] GenericDaoTest - Final Exam
[INFO ] 2024-05-06 18:24:18.060 [main] GenericDaoTest - REST Project
[INFO ] 2024-05-06 18:34:26.593 [main] GenericDaoTest - BiteSize
[INFO ] 2024-05-06 18:34:26.594 [main] GenericDaoTest - Final Exam
[INFO ] 2024-05-06 18:34:26.594 [main] GenericDaoTest - REST Project
[ERROR] 2024-05-06 18:35:14.601 [RMI TCP Connection(2)-127.0.0.1] ApplicationStartup - An error occurred in reading properties
java.lang.NullPointerException: inStream parameter is null
	at java.util.Objects.requireNonNull(Objects.java:246) ~[?:?]
	at java.util.Properties.load(Properties.java:407) ~[?:?]
	at biteSize.utilities.PropertiesLoader.loadProperties(PropertiesLoader.java:28) [classes/:?]
	at biteSize.controller.ApplicationStartup.init(ApplicationStartup.java:25) [classes/:?]
	at javax.servlet.GenericServlet.init(GenericServlet.java:143) [servlet-api.jar:3.1.FR]
	at org.apache.catalina.core.StandardWrapper.initServlet(StandardWrapper.java:1109) [catalina.jar:8.5.98]
	at org.apache.catalina.core.StandardWrapper.loadServlet(StandardWrapper.java:1061) [catalina.jar:8.5.98]
	at org.apache.catalina.core.StandardWrapper.load(StandardWrapper.java:958) [catalina.jar:8.5.98]
	at org.apache.catalina.core.StandardContext.loadOnStartup(StandardContext.java:4625) [catalina.jar:8.5.98]
	at org.apache.catalina.core.StandardContext.startInternal(StandardContext.java:4933) [catalina.jar:8.5.98]
	at org.apache.catalina.util.LifecycleBase.start(LifecycleBase.java:171) [catalina.jar:8.5.98]
	at org.apache.catalina.core.ContainerBase.addChildInternal(ContainerBase.java:710) [catalina.jar:8.5.98]
	at org.apache.catalina.core.ContainerBase.addChild(ContainerBase.java:687) [catalina.jar:8.5.98]
	at org.apache.catalina.core.StandardHost.addChild(StandardHost.java:660) [catalina.jar:8.5.98]
	at org.apache.catalina.startup.HostConfig.manageApp(HostConfig.java:1784) [catalina.jar:8.5.98]
	at jdk.internal.reflect.NativeMethodAccessorImpl.invoke0(Native Method) ~[?:?]
	at jdk.internal.reflect.NativeMethodAccessorImpl.invoke(NativeMethodAccessorImpl.java:62) ~[?:?]
	at jdk.internal.reflect.DelegatingMethodAccessorImpl.invoke(DelegatingMethodAccessorImpl.java:43) ~[?:?]
	at java.lang.reflect.Method.invoke(Method.java:566) ~[?:?]
	at org.apache.tomcat.util.modeler.BaseModelMBean.invoke(BaseModelMBean.java:292) [tomcat-coyote.jar:8.5.98]
	at com.sun.jmx.interceptor.DefaultMBeanServerInterceptor.invoke(DefaultMBeanServerInterceptor.java:809) [?:?]
	at com.sun.jmx.mbeanserver.JmxMBeanServer.invoke(JmxMBeanServer.java:801) [?:?]
	at org.apache.catalina.mbeans.MBeanFactory.createStandardContext(MBeanFactory.java:453) [catalina.jar:8.5.98]
	at org.apache.catalina.mbeans.MBeanFactory.createStandardContext(MBeanFactory.java:407) [catalina.jar:8.5.98]
	at jdk.internal.reflect.NativeMethodAccessorImpl.invoke0(Native Method) ~[?:?]
	at jdk.internal.reflect.NativeMethodAccessorImpl.invoke(NativeMethodAccessorImpl.java:62) ~[?:?]
	at jdk.internal.reflect.DelegatingMethodAccessorImpl.invoke(DelegatingMethodAccessorImpl.java:43) ~[?:?]
	at java.lang.reflect.Method.invoke(Method.java:566) ~[?:?]
	at org.apache.tomcat.util.modeler.BaseModelMBean.invoke(BaseModelMBean.java:292) [tomcat-coyote.jar:8.5.98]
	at com.sun.jmx.interceptor.DefaultMBeanServerInterceptor.invoke(DefaultMBeanServerInterceptor.java:809) [?:?]
	at com.sun.jmx.mbeanserver.JmxMBeanServer.invoke(JmxMBeanServer.java:801) [?:?]
	at com.sun.jmx.remote.security.MBeanServerAccessController.invoke(MBeanServerAccessController.java:468) [?:?]
	at javax.management.remote.rmi.RMIConnectionImpl.doOperation(RMIConnectionImpl.java:1466) [?:?]
	at javax.management.remote.rmi.RMIConnectionImpl$PrivilegedOperation.run(RMIConnectionImpl.java:1307) [?:?]
	at java.security.AccessController.doPrivileged(Native Method) [?:?]
	at javax.management.remote.rmi.RMIConnectionImpl.doPrivilegedOperation(RMIConnectionImpl.java:1406) [?:?]
	at javax.management.remote.rmi.RMIConnectionImpl.invoke(RMIConnectionImpl.java:827) [?:?]
	at jdk.internal.reflect.NativeMethodAccessorImpl.invoke0(Native Method) ~[?:?]
	at jdk.internal.reflect.NativeMethodAccessorImpl.invoke(NativeMethodAccessorImpl.java:62) ~[?:?]
	at jdk.internal.reflect.DelegatingMethodAccessorImpl.invoke(DelegatingMethodAccessorImpl.java:43) ~[?:?]
	at java.lang.reflect.Method.invoke(Method.java:566) ~[?:?]
	at sun.rmi.server.UnicastServerRef.dispatch(UnicastServerRef.java:359) [?:?]
	at sun.rmi.transport.Transport$1.run(Transport.java:200) [?:?]
	at sun.rmi.transport.Transport$1.run(Transport.java:197) [?:?]
	at java.security.AccessController.doPrivileged(Native Method) [?:?]
	at sun.rmi.transport.Transport.serviceCall(Transport.java:196) [?:?]
	at sun.rmi.transport.tcp.TCPTransport.handleMessages(TCPTransport.java:562) [?:?]
	at sun.rmi.transport.tcp.TCPTransport$ConnectionHandler.run0(TCPTransport.java:796) [?:?]
	at sun.rmi.transport.tcp.TCPTransport$ConnectionHandler.lambda$run$0(TCPTransport.java:677) [?:?]
	at java.security.AccessController.doPrivileged(Native Method) [?:?]
	at sun.rmi.transport.tcp.TCPTransport$ConnectionHandler.run(TCPTransport.java:676) [?:?]
	at java.util.concurrent.ThreadPoolExecutor.runWorker(ThreadPoolExecutor.java:1128) [?:?]
	at java.util.concurrent.ThreadPoolExecutor$Worker.run(ThreadPoolExecutor.java:628) [?:?]
	at java.lang.Thread.run(Thread.java:834) [?:?]
[ERROR] 2024-05-06 18:40:44.772 [RMI TCP Connection(2)-127.0.0.1] ApplicationStartup - An error occurred in reading properties
java.lang.NullPointerException: inStream parameter is null
	at java.util.Objects.requireNonNull(Objects.java:246) ~[?:?]
	at java.util.Properties.load(Properties.java:407) ~[?:?]
	at biteSize.utilities.PropertiesLoader.loadProperties(PropertiesLoader.java:28) [classes/:?]
	at biteSize.controller.ApplicationStartup.init(ApplicationStartup.java:25) [classes/:?]
	at javax.servlet.GenericServlet.init(GenericServlet.java:143) [servlet-api.jar:3.1.FR]
	at org.apache.catalina.core.StandardWrapper.initServlet(StandardWrapper.java:1109) [catalina.jar:8.5.98]
	at org.apache.catalina.core.StandardWrapper.loadServlet(StandardWrapper.java:1061) [catalina.jar:8.5.98]
	at org.apache.catalina.core.StandardWrapper.load(StandardWrapper.java:958) [catalina.jar:8.5.98]
	at org.apache.catalina.core.StandardContext.loadOnStartup(StandardContext.java:4625) [catalina.jar:8.5.98]
	at org.apache.catalina.core.StandardContext.startInternal(StandardContext.java:4933) [catalina.jar:8.5.98]
	at org.apache.catalina.util.LifecycleBase.start(LifecycleBase.java:171) [catalina.jar:8.5.98]
	at org.apache.catalina.core.ContainerBase.addChildInternal(ContainerBase.java:710) [catalina.jar:8.5.98]
	at org.apache.catalina.core.ContainerBase.addChild(ContainerBase.java:687) [catalina.jar:8.5.98]
	at org.apache.catalina.core.StandardHost.addChild(StandardHost.java:660) [catalina.jar:8.5.98]
	at org.apache.catalina.startup.HostConfig.manageApp(HostConfig.java:1784) [catalina.jar:8.5.98]
	at jdk.internal.reflect.NativeMethodAccessorImpl.invoke0(Native Method) ~[?:?]
	at jdk.internal.reflect.NativeMethodAccessorImpl.invoke(NativeMethodAccessorImpl.java:62) ~[?:?]
	at jdk.internal.reflect.DelegatingMethodAccessorImpl.invoke(DelegatingMethodAccessorImpl.java:43) ~[?:?]
	at java.lang.reflect.Method.invoke(Method.java:566) ~[?:?]
	at org.apache.tomcat.util.modeler.BaseModelMBean.invoke(BaseModelMBean.java:292) [tomcat-coyote.jar:8.5.98]
	at com.sun.jmx.interceptor.DefaultMBeanServerInterceptor.invoke(DefaultMBeanServerInterceptor.java:809) [?:?]
	at com.sun.jmx.mbeanserver.JmxMBeanServer.invoke(JmxMBeanServer.java:801) [?:?]
	at org.apache.catalina.mbeans.MBeanFactory.createStandardContext(MBeanFactory.java:453) [catalina.jar:8.5.98]
	at org.apache.catalina.mbeans.MBeanFactory.createStandardContext(MBeanFactory.java:407) [catalina.jar:8.5.98]
	at jdk.internal.reflect.NativeMethodAccessorImpl.invoke0(Native Method) ~[?:?]
	at jdk.internal.reflect.NativeMethodAccessorImpl.invoke(NativeMethodAccessorImpl.java:62) ~[?:?]
	at jdk.internal.reflect.DelegatingMethodAccessorImpl.invoke(DelegatingMethodAccessorImpl.java:43) ~[?:?]
	at java.lang.reflect.Method.invoke(Method.java:566) ~[?:?]
	at org.apache.tomcat.util.modeler.BaseModelMBean.invoke(BaseModelMBean.java:292) [tomcat-coyote.jar:8.5.98]
	at com.sun.jmx.interceptor.DefaultMBeanServerInterceptor.invoke(DefaultMBeanServerInterceptor.java:809) [?:?]
	at com.sun.jmx.mbeanserver.JmxMBeanServer.invoke(JmxMBeanServer.java:801) [?:?]
	at com.sun.jmx.remote.security.MBeanServerAccessController.invoke(MBeanServerAccessController.java:468) [?:?]
	at javax.management.remote.rmi.RMIConnectionImpl.doOperation(RMIConnectionImpl.java:1466) [?:?]
	at javax.management.remote.rmi.RMIConnectionImpl$PrivilegedOperation.run(RMIConnectionImpl.java:1307) [?:?]
	at java.security.AccessController.doPrivileged(Native Method) [?:?]
	at javax.management.remote.rmi.RMIConnectionImpl.doPrivilegedOperation(RMIConnectionImpl.java:1406) [?:?]
	at javax.management.remote.rmi.RMIConnectionImpl.invoke(RMIConnectionImpl.java:827) [?:?]
	at jdk.internal.reflect.NativeMethodAccessorImpl.invoke0(Native Method) ~[?:?]
	at jdk.internal.reflect.NativeMethodAccessorImpl.invoke(NativeMethodAccessorImpl.java:62) ~[?:?]
	at jdk.internal.reflect.DelegatingMethodAccessorImpl.invoke(DelegatingMethodAccessorImpl.java:43) ~[?:?]
	at java.lang.reflect.Method.invoke(Method.java:566) ~[?:?]
	at sun.rmi.server.UnicastServerRef.dispatch(UnicastServerRef.java:359) [?:?]
	at sun.rmi.transport.Transport$1.run(Transport.java:200) [?:?]
	at sun.rmi.transport.Transport$1.run(Transport.java:197) [?:?]
	at java.security.AccessController.doPrivileged(Native Method) [?:?]
	at sun.rmi.transport.Transport.serviceCall(Transport.java:196) [?:?]
	at sun.rmi.transport.tcp.TCPTransport.handleMessages(TCPTransport.java:562) [?:?]
	at sun.rmi.transport.tcp.TCPTransport$ConnectionHandler.run0(TCPTransport.java:796) [?:?]
	at sun.rmi.transport.tcp.TCPTransport$ConnectionHandler.lambda$run$0(TCPTransport.java:677) [?:?]
	at java.security.AccessController.doPrivileged(Native Method) [?:?]
	at sun.rmi.transport.tcp.TCPTransport$ConnectionHandler.run(TCPTransport.java:676) [?:?]
	at java.util.concurrent.ThreadPoolExecutor.runWorker(ThreadPoolExecutor.java:1128) [?:?]
	at java.util.concurrent.ThreadPoolExecutor$Worker.run(ThreadPoolExecutor.java:628) [?:?]
	at java.lang.Thread.run(Thread.java:834) [?:?]
[ERROR] 2024-05-06 18:43:18.038 [RMI TCP Connection(2)-127.0.0.1] ApplicationStartup - An error occurred in reading properties
java.lang.NullPointerException: inStream parameter is null
	at java.util.Objects.requireNonNull(Objects.java:246) ~[?:?]
	at java.util.Properties.load(Properties.java:407) ~[?:?]
	at biteSize.utilities.PropertiesLoader.loadProperties(PropertiesLoader.java:28) [classes/:?]
	at biteSize.controller.ApplicationStartup.init(ApplicationStartup.java:25) [classes/:?]
	at javax.servlet.GenericServlet.init(GenericServlet.java:143) [servlet-api.jar:3.1.FR]
	at org.apache.catalina.core.StandardWrapper.initServlet(StandardWrapper.java:1109) [catalina.jar:8.5.98]
	at org.apache.catalina.core.StandardWrapper.loadServlet(StandardWrapper.java:1061) [catalina.jar:8.5.98]
	at org.apache.catalina.core.StandardWrapper.load(StandardWrapper.java:958) [catalina.jar:8.5.98]
	at org.apache.catalina.core.StandardContext.loadOnStartup(StandardContext.java:4625) [catalina.jar:8.5.98]
	at org.apache.catalina.core.StandardContext.startInternal(StandardContext.java:4933) [catalina.jar:8.5.98]
	at org.apache.catalina.util.LifecycleBase.start(LifecycleBase.java:171) [catalina.jar:8.5.98]
	at org.apache.catalina.core.ContainerBase.addChildInternal(ContainerBase.java:710) [catalina.jar:8.5.98]
	at org.apache.catalina.core.ContainerBase.addChild(ContainerBase.java:687) [catalina.jar:8.5.98]
	at org.apache.catalina.core.StandardHost.addChild(StandardHost.java:660) [catalina.jar:8.5.98]
	at org.apache.catalina.startup.HostConfig.manageApp(HostConfig.java:1784) [catalina.jar:8.5.98]
	at jdk.internal.reflect.NativeMethodAccessorImpl.invoke0(Native Method) ~[?:?]
	at jdk.internal.reflect.NativeMethodAccessorImpl.invoke(NativeMethodAccessorImpl.java:62) ~[?:?]
	at jdk.internal.reflect.DelegatingMethodAccessorImpl.invoke(DelegatingMethodAccessorImpl.java:43) ~[?:?]
	at java.lang.reflect.Method.invoke(Method.java:566) ~[?:?]
	at org.apache.tomcat.util.modeler.BaseModelMBean.invoke(BaseModelMBean.java:292) [tomcat-coyote.jar:8.5.98]
	at com.sun.jmx.interceptor.DefaultMBeanServerInterceptor.invoke(DefaultMBeanServerInterceptor.java:809) [?:?]
	at com.sun.jmx.mbeanserver.JmxMBeanServer.invoke(JmxMBeanServer.java:801) [?:?]
	at org.apache.catalina.mbeans.MBeanFactory.createStandardContext(MBeanFactory.java:453) [catalina.jar:8.5.98]
	at org.apache.catalina.mbeans.MBeanFactory.createStandardContext(MBeanFactory.java:407) [catalina.jar:8.5.98]
	at jdk.internal.reflect.NativeMethodAccessorImpl.invoke0(Native Method) ~[?:?]
	at jdk.internal.reflect.NativeMethodAccessorImpl.invoke(NativeMethodAccessorImpl.java:62) ~[?:?]
	at jdk.internal.reflect.DelegatingMethodAccessorImpl.invoke(DelegatingMethodAccessorImpl.java:43) ~[?:?]
	at java.lang.reflect.Method.invoke(Method.java:566) ~[?:?]
	at org.apache.tomcat.util.modeler.BaseModelMBean.invoke(BaseModelMBean.java:292) [tomcat-coyote.jar:8.5.98]
	at com.sun.jmx.interceptor.DefaultMBeanServerInterceptor.invoke(DefaultMBeanServerInterceptor.java:809) [?:?]
	at com.sun.jmx.mbeanserver.JmxMBeanServer.invoke(JmxMBeanServer.java:801) [?:?]
	at com.sun.jmx.remote.security.MBeanServerAccessController.invoke(MBeanServerAccessController.java:468) [?:?]
	at javax.management.remote.rmi.RMIConnectionImpl.doOperation(RMIConnectionImpl.java:1466) [?:?]
	at javax.management.remote.rmi.RMIConnectionImpl$PrivilegedOperation.run(RMIConnectionImpl.java:1307) [?:?]
	at java.security.AccessController.doPrivileged(Native Method) [?:?]
	at javax.management.remote.rmi.RMIConnectionImpl.doPrivilegedOperation(RMIConnectionImpl.java:1406) [?:?]
	at javax.management.remote.rmi.RMIConnectionImpl.invoke(RMIConnectionImpl.java:827) [?:?]
	at jdk.internal.reflect.NativeMethodAccessorImpl.invoke0(Native Method) ~[?:?]
	at jdk.internal.reflect.NativeMethodAccessorImpl.invoke(NativeMethodAccessorImpl.java:62) ~[?:?]
	at jdk.internal.reflect.DelegatingMethodAccessorImpl.invoke(DelegatingMethodAccessorImpl.java:43) ~[?:?]
	at java.lang.reflect.Method.invoke(Method.java:566) ~[?:?]
	at sun.rmi.server.UnicastServerRef.dispatch(UnicastServerRef.java:359) [?:?]
	at sun.rmi.transport.Transport$1.run(Transport.java:200) [?:?]
	at sun.rmi.transport.Transport$1.run(Transport.java:197) [?:?]
	at java.security.AccessController.doPrivileged(Native Method) [?:?]
	at sun.rmi.transport.Transport.serviceCall(Transport.java:196) [?:?]
	at sun.rmi.transport.tcp.TCPTransport.handleMessages(TCPTransport.java:562) [?:?]
	at sun.rmi.transport.tcp.TCPTransport$ConnectionHandler.run0(TCPTransport.java:796) [?:?]
	at sun.rmi.transport.tcp.TCPTransport$ConnectionHandler.lambda$run$0(TCPTransport.java:677) [?:?]
	at java.security.AccessController.doPrivileged(Native Method) [?:?]
	at sun.rmi.transport.tcp.TCPTransport$ConnectionHandler.run(TCPTransport.java:676) [?:?]
	at java.util.concurrent.ThreadPoolExecutor.runWorker(ThreadPoolExecutor.java:1128) [?:?]
	at java.util.concurrent.ThreadPoolExecutor$Worker.run(ThreadPoolExecutor.java:628) [?:?]
	at java.lang.Thread.run(Thread.java:834) [?:?]
